<?xml version="1.0" encoding="UTF-8"?>
<testng-results skipped="0" failed="0" ignored="0" total="1" passed="1">
  <reporter-output>
  </reporter-output>
  <suite name="Default suite" duration-ms="2954" started-at="2017-06-02T15:50:05Z" finished-at="2017-06-02T15:50:08Z">
    <groups>
    </groups>
    <test name="Default test" duration-ms="2954" started-at="2017-06-02T15:50:05Z" finished-at="2017-06-02T15:50:08Z">
      <class name="E2EIntegration.test2">
        <test-method status="PASS" signature="test01()[pri:0, instance:E2EIntegration.test2@1e397ed7]" name="test01" duration-ms="2938" started-at="2017-06-02T11:50:05Z" finished-at="2017-06-02T11:50:08Z">
          <reporter-output>
          </reporter-output>
        </test-method> <!-- test01 -->
      </class> <!-- E2EIntegration.test2 -->
    </test> <!-- Default test -->
  </suite> <!-- Default suite -->
</testng-results>
